<?xml version="1.0" encoding="UTF-8"?>
<!-- Generated by org.testng.reporters.JUnitReportReporter -->
<testsuite hostname="Gatossa-home" failures="0" tests="1" name="TestsInProject.AddRemoveCartTest" time="14.876" errors="0" timestamp="2024-11-18T18:23:24 CET" skipped="0">
  <testcase classname="TestsInProject.AddRemoveCartTest" name="addRemoveItem" time="14.876"/>
</testsuite> <!-- TestsInProject.AddRemoveCartTest -->
