<?xml version="1.0" encoding="UTF-8"?>
<!-- Generated by org.testng.reporters.JUnitReportReporter -->
<testsuite hostname="Gatossa-home" failures="0" tests="1" name="TestsInProject.EndToEndTest" time="24.969" errors="0" timestamp="2024-11-18T11:54:10 CET" skipped="0">
  <testcase classname="TestsInProject.EndToEndTest" name="endToEndTest" time="24.969"/>
</testsuite> <!-- TestsInProject.EndToEndTest -->
